<?xml version="1.0" encoding="UTF-8"?>
<testsuite xmlns:xsi="http://www.w3.org/2001/XMLSchema-instance" xsi:noNamespaceSchemaLocation="https://maven.apache.org/surefire/maven-surefire-plugin/xsd/surefire-test-report-3.0.xsd" version="3.0" name="TestSuite" time="48.891" tests="24" errors="0" skipped="0" failures="2">
  <properties>
[...]
</properties>
  <testcase name="testMethod" classname="com.vyasa.automation.testing.TestNGAnnotations" time="0.018">
    <system-out><![CDATA[beforeSuiteMethod
beforeSuiteMethod
beforeTest
beforeTestMethod
beforeClassMethod
beforeMethod
TestMethod
]]></system-out>
  </testcase>
  <testcase name="testMethod" classname="com.vyasa.automation.testing.TestNGAnnotations1" time="0">
    <system-out><![CDATA[AfterMethod
afterClassMethod
beforeClassMethod
beforeMethod
TestMethod
]]></system-out>
  </testcase>
  <testcase name="verifUserLogon[blank, , ](1)" classname="com.vyasa.automation.testing.DataProviderDemo" time="2.691">
    <system-out><![CDATA[AfterMethod
afterClassMethod
]]></system-out>
    <system-err><![CDATA[Starting ChromeDriver 105.0.5195.52 (412c95e518836d8a7d97250d62b29c2ae6a26a85-refs/branch-heads/5195@{#853}) on port 47732
Only local connections are allowed.
Please see https://chromedriver.chromium.org/security-considerations for suggestions on keeping ChromeDriver safe.
ChromeDriver was started successfully.
Oct 06, 2022 5:04:49 PM org.openqa.selenium.remote.ProtocolHandshake createSession
INFO: Detected dialect: W3C
]]></system-err>
  </testcase>
  <testcase name="verifUserLogon[blankpass, vyasainstitute2022@gmail.com, ](2)" classname="com.vyasa.automation.testing.DataProviderDemo" time="2.765"/>
  <testcase name="verifUserLogon[wrongcredentials, vyasainstitut2022@gmail.com, admin123](3)" classname="com.vyasa.automation.testing.DataProviderDemo" time="2.423"/>
  <testcase name="verifUserLogon[succlogin, vyasainstitute2022@gmail.com, Vyasa@12345](4)" classname="com.vyasa.automation.testing.DataProviderDemo" time="2.682"/>
  <testcase name="verifyCartDisplayed" classname="com.vyasa.automation.testing.OpenBrowers" time="1.092">
    <system-out><![CDATA[true
]]></system-out>
    <system-err><![CDATA[Starting ChromeDriver 105.0.5195.52 (412c95e518836d8a7d97250d62b29c2ae6a26a85-refs/branch-heads/5195@{#853}) on port 15766
Only local connections are allowed.
Please see https://chromedriver.chromium.org/security-considerations for suggestions on keeping ChromeDriver safe.
ChromeDriver was started successfully.
Oct 06, 2022 5:05:08 PM org.openqa.selenium.remote.ProtocolHandshake createSession
INFO: Detected dialect: W3C
]]></system-err>
  </testcase>
  <testcase name="verifyHomePageLoaded" classname="com.vyasa.automation.testing.OpenBrowers" time="0.063">
    <system-out><![CDATA[https://www.amazon.in/
]]></system-out>
  </testcase>
  <testcase name="TestCase1" classname="com.vyasa.automation.testing.DemoTestNG" time="0.014">
    <failure message="expected [true] but found [false]" type="java.lang.AssertionError"><![CDATA[java.lang.AssertionError: expected [true] but found [false]
	at com.vyasa.automation.testing.DemoTestNG.TestCase1(DemoTestNG.java:14)
]]></failure>
    <system-out><![CDATA[TestCase1 Executed
]]></system-out>
  </testcase>
  <testcase name="TestCase5" classname="com.vyasa.automation.testing.DemoTestNG" time="0.001">
    <system-out><![CDATA[TestCase5 Executed
]]></system-out>
  </testcase>
  <testcase name="TestCase12" classname="com.vyasa.automation.testing.DemoTestNG" time="0">
    <system-out><![CDATA[TestCase12 Executed
]]></system-out>
  </testcase>
  <testcase name="TestCase11" classname="com.vyasa.automation.testing.DemoTestNG" time="0.004">
    <system-out><![CDATA[TestCase11 Executed
]]></system-out>
  </testcase>
  <testcase name="TestCase3" classname="com.vyasa.automation.testing.DemoTestNG" time="0.005">
    <system-out><![CDATA[TestCase3 Executed
]]></system-out>
  </testcase>
  <testcase name="TestCase4" classname="com.vyasa.automation.testing.DemoTestNG" time="0">
    <system-out><![CDATA[TestCase4 Executed
]]></system-out>
  </testcase>
  <testcase name="TestCase6" classname="com.vyasa.automation.testing.DemoTestNG" time="0">
    <system-out><![CDATA[TestCase6 Executed
]]></system-out>
  </testcase>
  <testcase name="TestCase7" classname="com.vyasa.automation.testing.DemoTestNG" time="0.001">
    <system-out><![CDATA[TestCase7 Executed
]]></system-out>
  </testcase>
  <testcase name="TestCase8" classname="com.vyasa.automation.testing.DemoTestNG" time="0">
    <system-out><![CDATA[TestCase8 Executed
]]></system-out>
  </testcase>
  <testcase name="TestCase9" classname="com.vyasa.automation.testing.DemoTestNG" time="0.007">
    <system-out><![CDATA[TestCase9 Executed
TestCase9 Executed
TestCase9 Executed
]]></system-out>
  </testcase>
  <testcase name="TestCase10" classname="com.vyasa.automation.testing.DemoTestNG" time="0">
    <system-out><![CDATA[TestCase10 Executed
]]></system-out>
  </testcase>
  <testcase name="verifyHomePageLoaded" classname="com.vyasa.automation.testing.HomePageAutomation" time="0.021">
    <system-err><![CDATA[Starting ChromeDriver 105.0.5195.52 (412c95e518836d8a7d97250d62b29c2ae6a26a85-refs/branch-heads/5195@{#853}) on port 11631
Only local connections are allowed.
Please see https://chromedriver.chromium.org/security-considerations for suggestions on keeping ChromeDriver safe.
ChromeDriver was started successfully.
Oct 06, 2022 5:05:21 PM org.openqa.selenium.remote.ProtocolHandshake createSession
INFO: Detected dialect: W3C
]]></system-err>
  </testcase>
  <testcase name="verifyNewArrivalsDisplayed" classname="com.vyasa.automation.testing.HomePageAutomation" time="0.143"/>
  <testcase name="verifyHomePageWithThreeSliders" classname="com.vyasa.automation.testing.HomePageAutomation" time="0.041">
    <system-out><![CDATA[3
]]></system-out>
  </testcase>
  <testcase name="verifyHomePageWithThreeArrivals" classname="com.vyasa.automation.testing.HomePageAutomation" time="0.03">
    <system-out><![CDATA[3
]]></system-out>
  </testcase>
  <testcase name="verifyHomePageWithThreeArrivalsNavigation" classname="com.vyasa.automation.testing.HomePageAutomation" time="6.012">
    <failure message="stale element reference: element is not attached to the page document&#10;  (Session info: chrome=105.0.5195.127)&#10;For documentation on this error, please visit: https://www.seleniumhq.org/exceptions/stale_element_reference.html&#10;Build info: version: &apos;3.141.59&apos;, revision: &apos;e82be7d358&apos;, time: &apos;2018-11-14T08:17:03&apos;&#10;System info: host: &apos;SURAJ&apos;, ip: &apos;192.168.239.134&apos;, os.name: &apos;Windows 10&apos;, os.arch: &apos;amd64&apos;, os.version: &apos;10.0&apos;, java.version: &apos;18.0.1.1&apos;&#10;Driver info: org.openqa.selenium.chrome.ChromeDriver&#10;Capabilities {acceptInsecureCerts: false, browserName: chrome, browserVersion: 105.0.5195.127, chrome: {chromedriverVersion: 105.0.5195.52 (412c95e51883..., userDataDir: C:\Users\admin\AppData\Loca...}, goog:chromeOptions: {debuggerAddress: localhost:57392}, javascriptEnabled: true, networkConnectionEnabled: false, pageLoadStrategy: normal, platform: WINDOWS, platformName: WINDOWS, proxy: Proxy(), setWindowRect: true, strictFileInteractability: false, timeouts: {implicit: 0, pageLoad: 300000, script: 30000}, unhandledPromptBehavior: dismiss and notify, webauthn:extension:credBlob: true, webauthn:extension:largeBlob: true, webauthn:virtualAuthenticators: true}&#10;Session ID: 61e00b60ed46b56e92527a9c46dab320" type="org.openqa.selenium.StaleElementReferenceException"><![CDATA[org.openqa.selenium.StaleElementReferenceException: 
stale element reference: element is not attached to the page document
  (Session info: chrome=105.0.5195.127)
For documentation on this error, please visit: https://www.seleniumhq.org/exceptions/stale_element_reference.html
Build info: version: '3.141.59', revision: 'e82be7d358', time: '2018-11-14T08:17:03'
System info: host: 'SURAJ', ip: '192.168.239.134', os.name: 'Windows 10', os.arch: 'amd64', os.version: '10.0', java.version: '18.0.1.1'
Driver info: org.openqa.selenium.chrome.ChromeDriver
Capabilities {acceptInsecureCerts: false, browserName: chrome, browserVersion: 105.0.5195.127, chrome: {chromedriverVersion: 105.0.5195.52 (412c95e51883..., userDataDir: C:\Users\admin\AppData\Loca...}, goog:chromeOptions: {debuggerAddress: localhost:57392}, javascriptEnabled: true, networkConnectionEnabled: false, pageLoadStrategy: normal, platform: WINDOWS, platformName: WINDOWS, proxy: Proxy(), setWindowRect: true, strictFileInteractability: false, timeouts: {implicit: 0, pageLoad: 300000, script: 30000}, unhandledPromptBehavior: dismiss and notify, webauthn:extension:credBlob: true, webauthn:extension:largeBlob: true, webauthn:virtualAuthenticators: true}
Session ID: 61e00b60ed46b56e92527a9c46dab320
	at com.vyasa.automation.testing.HomePageAutomation.verifyHomePageWithThreeArrivalsNavigation(HomePageAutomation.java:53)
]]></failure>
  </testcase>
</testsuite>